-->  /********** Exercise 1-3 **********/

-->  /* Create Synonyms for Student-Course Database Tables */
-->  /* NOTE: Student synonym already created in previous exercise */
-->  CREATE SYNONYM Course FOR rearp.Course;

Synonym created.

-->  CREATE SYNONYM Section FOR rearp.Section;

Synonym created.

-->  CREATE SYNONYM Prereq FOR rearp.Prereq;

Synonym created.

-->  CREATE SYNONYM Grades FOR rearp.Grade_Report;

Synonym created.

-->  CREATE SYNONYM Depmaj FOR rearp.Department_to_major;

Synonym created.

-->  CREATE SYNONYM Room FOR rearp.Room;

Synonym created.

-->  SELECT *    /* Show Created Synonyms */
  2  FROM user_synonyms;

SYNONYM_NAME    TABLE_OWNER     TABLE_NAME                DB_LINK                                   
--------------- --------------- ------------------------- ---------------                           
STUDENT         REARP           STUDENT                                                             
SECTION         REARP           SECTION                                                             
ROOM            REARP           ROOM                                                                
PREREQ          REARP           PREREQ                                                              
GRADES          REARP           GRADE_REPORT                                                        
DEPMAJ          REARP           DEPARTMENT_TO_MAJOR                                                 
COURSE          REARP           COURSE                                                              

7 rows selected.

-->  /* Show table description and first few rows */
-->  DESC Student
 Name                                                  Null?    Type
 ----------------------------------------------------- -------- ------------------------------------
 STNO                                                  NOT NULL NUMBER(38)
 SNAME                                                          VARCHAR2(20)
 MAJOR                                                          VARCHAR2(4)
 CLASS                                                          NUMBER(38)
 BDATE                                                          DATE

-->  SELECT *
  2  FROM Student
  3  WHERE ROWNUM < 5;

      STNO SNAME                MAJOR             CLASS BDATE                                       
---------- -------------------- ------------ ---------- ---------------                             
         2 Lineas               ENGL                  1 15-APR-01                                   
         3 Mary                 COSC                  4 16-JUL-98                                   
         8 Brenda               COSC                  2 13-AUG-97                                   
        10 Richard              ENGL                  1 13-MAY-01                                   


-->  DESC Course
 Name                                                  Null?    Type
 ----------------------------------------------------- -------- ------------------------------------
 COURSE_NAME                                                    VARCHAR2(20)
 COURSE_NUMBER                                         NOT NULL VARCHAR2(8)
 CREDIT_HOURS                                                   NUMBER(38)
 OFFERING_DEPT                                                  VARCHAR2(4)

-->  SELECT *
  2  FROM Course
  3  WHERE ROWNUM < 5;

COURSE_NAME               COURSE_NUMBER   CREDIT_HOURS OFFERING_DEP                                 
------------------------- --------------- ------------ ------------                                 
ACCOUNTING I              ACCT2020                   3 ACCT                                         
ACCOUNTING II             ACCT2220                   3 ACCT                                         
MANAGERIAL FINANCE        ACCT3333                   3 ACCT                                         
ACCOUNTING INFO SYST      ACCT3464                   3 ACCT                                         

-->  DESC Section
 Name                                                  Null?    Type
 ----------------------------------------------------- -------- ------------------------------------
 SECTION_ID                                            NOT NULL NUMBER(38)
 COURSE_NUM                                                     VARCHAR2(8)
 SEMESTER                                                       VARCHAR2(6)
 YEAR                                                           CHAR(2)
 INSTRUCTOR                                                     VARCHAR2(10)
 BLDG                                                           NUMBER(38)
 ROOM                                                           NUMBER(38)

-->  SELECT *
  2  FROM Section
  3  WHERE ROWNUM < 5;

SECTION_ID COURSE_NUM      SEMESTER           YEAR   INSTRUCTOR            BLDG       ROOM          
---------- --------------- ------------------ ------ --------------- ---------- ----------          
        85 MATH2410        FALL               14     KING                    36        123          
        86 MATH5501        FALL               14     EMERSON                 36        123          
        87 ENGL3401        FALL               15     HILLARY                 13        101          
        88 ENGL3520        FALL               16     HILLARY                 13        101          

-->  DESC Prereq
 Name                                                  Null?    Type
 ----------------------------------------------------- -------- ------------------------------------
 COURSE_NUMBER                                         NOT NULL VARCHAR2(8)
 PREREQ                                                NOT NULL VARCHAR2(8)

-->  SELECT *
  2  FROM Prereq
  3  WHERE ROWNUM < 5;

COURSE_NUMBER   PREREQ                                                                              
--------------- ------------------------                                                            
ACCT3333        ACCT2220                                                                            
CHEM3001        CHEM2001                                                                            
COSC3320        COSC1310                                                                            
COSC3380        COSC3320                                                                            

-->  DESC Grades
 Name                                                  Null?    Type
 ----------------------------------------------------- -------- ------------------------------------
 STUDENT_NUMBER                                        NOT NULL NUMBER(38)
 SECTION_ID                                            NOT NULL NUMBER(38)
 GRADE                                                          CHAR(1)

-->  SELECT *
  2  FROM Grades
  3  WHERE ROWNUM < 5;

STUDENT_NUMBER SECTION_ID GRA                                                                       
-------------- ---------- ---                                                                       
             2         85 D                                                                         
             2        102 B                                                                         
             2        126 B                                                                         
             2        127 A                                                                         

-->  DESC Depmaj
 Name                                                  Null?    Type
 ----------------------------------------------------- -------- ------------------------------------
 DCODE                                                 NOT NULL VARCHAR2(4)
 DNAME                                                          VARCHAR2(20)

-->  SELECT *
  2  FROM Depmaj
  3  WHERE ROWNUM < 5;

DCODE        DNAME                                                                                  
------------ ------------------------------------------------------------                           
ACCT         Accounting                                                                             
ART          Art                                                                                    
COSC         Computer Science                                                                       
ENGL         English                                                                                

-->  DESC Room
 Name                                                  Null?    Type
 ----------------------------------------------------- -------- ------------------------------------
 BLDG                                                  NOT NULL NUMBER(38)
 ROOM                                                  NOT NULL NUMBER(38)
 CAPACITY                                                       NUMBER(38)
 OHEAD                                                          VARCHAR2(1)

-->  SELECT *
  2  FROM Room
  3  WHERE ROWNUM < 5;

      BLDG       ROOM   CAPACITY OHE                                                                
---------- ---------- ---------- ---                                                                
        13        101         85 Y                                                                  
        36        123         35 N                                                                  
        58        114         60                                                                    
        79        179         35 Y                                                                  

-->  SPOOL OFF
